[debug] [2023-04-10T10:22:05.655Z] ----------------------------------------------------------------------
[debug] [2023-04-10T10:22:05.658Z] Command:       C:\Program Files\nodejs\node.exe C:\Users\Pavillion\AppData\Roaming\npm\node_modules\firebase-tools\lib\bin\firebase.js emulators:start
[debug] [2023-04-10T10:22:05.658Z] CLI Version:   11.25.2
[debug] [2023-04-10T10:22:05.658Z] Platform:      win32
[debug] [2023-04-10T10:22:05.659Z] Node Version:  v18.12.1
[debug] [2023-04-10T10:22:05.667Z] Time:          Mon Apr 10 2023 13:22:05 GMT+0300 (GMT+03:00)
[debug] [2023-04-10T10:22:05.667Z] ----------------------------------------------------------------------
[debug] 
[debug] [2023-04-10T10:22:05.787Z] > command requires scopes: ["email","openid","https://www.googleapis.com/auth/cloudplatformprojects.readonly","https://www.googleapis.com/auth/firebase","https://www.googleapis.com/auth/cloud-platform"]
[debug] [2023-04-10T10:22:05.787Z] > authorizing via signed-in user (rowdaabdella1@gmail.com)
[info] i  emulators: Starting emulators: functions, hosting {"metadata":{"emulator":{"name":"hub"},"message":"Starting emulators: functions, hosting"}}
[debug] [2023-04-10T10:22:05.798Z] [logging] Logging Emulator only supports listening on one address (127.0.0.1). Not listening on ::1
[debug] [2023-04-10T10:22:05.798Z] [hosting] Hosting Emulator only supports listening on one address (127.0.0.1). Not listening on ::1
[debug] [2023-04-10T10:22:05.799Z] assigned listening specs for emulators {"user":{"hub":[{"address":"127.0.0.1","family":"IPv4","port":4400},{"address":"::1","family":"IPv6","port":4400}],"ui":[{"address":"127.0.0.1","family":"IPv4","port":4000},{"address":"::1","family":"IPv6","port":4000}],"logging":[{"address":"127.0.0.1","family":"IPv4","port":4500}],"hosting":[{"address":"127.0.0.1","family":"IPv4","port":5000}]},"metadata":{"message":"assigned listening specs for emulators"}}
[debug] [2023-04-10T10:22:05.810Z] [hub] writing locator at C:\Users\PAVILL~1\AppData\Local\Temp\hub-fir-b229b.json
[debug] [2023-04-10T10:22:05.835Z] [functions] Functions Emulator only supports listening on one address (127.0.0.1). Not listening on ::1
[debug] [2023-04-10T10:22:05.835Z] [eventarc] Eventarc Emulator only supports listening on one address (127.0.0.1). Not listening on ::1
[debug] [2023-04-10T10:22:05.835Z] late-assigned ports for functions and eventarc emulators {"user":{"hub":[{"address":"127.0.0.1","family":"IPv4","port":4400},{"address":"::1","family":"IPv6","port":4400}],"ui":[{"address":"127.0.0.1","family":"IPv4","port":4000},{"address":"::1","family":"IPv6","port":4000}],"logging":[{"address":"127.0.0.1","family":"IPv4","port":4500}],"hosting":[{"address":"127.0.0.1","family":"IPv4","port":5000}],"functions":[{"address":"127.0.0.1","family":"IPv4","port":5001}],"eventarc":[{"address":"127.0.0.1","family":"IPv4","port":9299}]},"metadata":{"message":"late-assigned ports for functions and eventarc emulators"}}
[warn] !  functions: The following emulators are not running, calls to these services from the Functions emulator will affect production: auth, firestore, database, pubsub, storage {"metadata":{"emulator":{"name":"functions"},"message":"The following emulators are not running, calls to these services from the Functions emulator will affect production: \u001b[1mauth, firestore, database, pubsub, storage\u001b[22m"}}
[debug] [2023-04-10T10:22:05.842Z] defaultcredentials: writing to file C:\Users\Pavillion\AppData\Roaming\firebase\rowdaabdella1_gmail_com_application_default_credentials.json
[debug] [2023-04-10T10:22:05.845Z] Setting GAC to C:\Users\Pavillion\AppData\Roaming\firebase\rowdaabdella1_gmail_com_application_default_credentials.json {"metadata":{"emulator":{"name":"functions"},"message":"Setting GAC to C:\\Users\\Pavillion\\AppData\\Roaming\\firebase\\rowdaabdella1_gmail_com_application_default_credentials.json"}}
[debug] [2023-04-10T10:22:05.848Z] >>> [apiv2][query] GET https://firebase.googleapis.com/v1beta1/projects/fir-b229b/adminSdkConfig [none]
[debug] [2023-04-10T10:22:27.250Z] Failed to get Admin SDK config for fir-b229b, falling back to cacheFailed to get Admin SDK for Firebase project fir-b229b. Please make sure the project exists and your account has permission to access it. {"name":"FirebaseError","children":[],"exit":2,"message":"Failed to get Admin SDK for Firebase project fir-b229b. Please make sure the project exists and your account has permission to access it.","original":{"name":"FirebaseError","children":[],"exit":1,"message":"Failed to make request to https://firebase.googleapis.com/v1beta1/projects/fir-b229b/adminSdkConfig","original":{"message":"request to https://firebase.googleapis.com/v1beta1/projects/fir-b229b/adminSdkConfig failed, reason: connect ETIMEDOUT 142.250.181.170:443","type":"system","errno":"ETIMEDOUT","code":"ETIMEDOUT"},"status":500},"status":500}
[debug] [2023-04-10T10:22:27.266Z] >>> [apiv2][query] GET https://firebasehosting.googleapis.com/v1beta1/projects/fir-b229b/sites 
[debug] [2023-04-10T10:22:29.952Z] <<< [apiv2][status] GET https://firebasehosting.googleapis.com/v1beta1/projects/fir-b229b/sites 200
[debug] [2023-04-10T10:22:29.952Z] <<< [apiv2][body] GET https://firebasehosting.googleapis.com/v1beta1/projects/fir-b229b/sites {"sites":[{"name":"projects/fir-b229b/sites/fir-b229b","defaultUrl":"https://fir-b229b.web.app","appId":"1:1067582272118:web:606e6c45c3ea3bc33d2557","type":"DEFAULT_SITE"}]}
[debug] [2023-04-10T10:22:29.952Z] >>> [apiv2][query] GET https://firebase.googleapis.com/v1beta1/projects/fir-b229b/webApps/1:1067582272118:web:606e6c45c3ea3bc33d2557/config [none]
[debug] [2023-04-10T10:22:31.868Z] <<< [apiv2][status] GET https://firebase.googleapis.com/v1beta1/projects/fir-b229b/webApps/1:1067582272118:web:606e6c45c3ea3bc33d2557/config 200
[debug] [2023-04-10T10:22:31.869Z] <<< [apiv2][body] GET https://firebase.googleapis.com/v1beta1/projects/fir-b229b/webApps/1:1067582272118:web:606e6c45c3ea3bc33d2557/config {"projectId":"fir-b229b","appId":"1:1067582272118:web:606e6c45c3ea3bc33d2557","storageBucket":"fir-b229b.appspot.com","apiKey":"AIzaSyCLygL95qIAVxMTmo3fUe1Cs-NhvfgP7lA","authDomain":"fir-b229b.firebaseapp.com","messagingSenderId":"1067582272118","measurementId":"G-90JKBX69XD"}
[debug] [2023-04-10T10:22:31.885Z] >>> [apiv2][query] GET https://firebase.googleapis.com/v1beta1/projects/fir-b229b [none]
[debug] [2023-04-10T10:22:33.143Z] <<< [apiv2][status] GET https://firebase.googleapis.com/v1beta1/projects/fir-b229b 200
[debug] [2023-04-10T10:22:33.144Z] <<< [apiv2][body] GET https://firebase.googleapis.com/v1beta1/projects/fir-b229b {"projectId":"fir-b229b","projectNumber":"1067582272118","displayName":"amazon","name":"projects/fir-b229b","resources":{"hostingSite":"fir-b229b"},"state":"ACTIVE","etag":"1_9be719b6-7b1a-426f-9f62-8ae8207e8fc6"}
[info] i  hosting[fir-b229b]: Serving hosting files from: build {"metadata":{"emulator":{"name":"hosting"},"message":"Serving hosting files from: \u001b[1mbuild\u001b[22m"}}
[info] +  hosting[fir-b229b]: Local server: http://127.0.0.1:5000 {"metadata":{"emulator":{"name":"hosting"},"message":"Local server: \u001b[4m\u001b[1mhttp://127.0.0.1:5000\u001b[22m\u001b[24m"}}
[debug] [2023-04-10T10:22:33.190Z] Ignoring unsupported arg: auto_download {"metadata":{"emulator":{"name":"ui"},"message":"Ignoring unsupported arg: auto_download"}}
[debug] [2023-04-10T10:22:33.191Z] Ignoring unsupported arg: port {"metadata":{"emulator":{"name":"ui"},"message":"Ignoring unsupported arg: port"}}
[debug] [2023-04-10T10:22:33.191Z] Starting Emulator UI with command {"binary":"node","args":["C:\\Users\\Pavillion\\.cache\\firebase\\emulators\\ui-v1.11.4\\server\\server.js"],"optionalArgs":[],"joinArgs":false} {"metadata":{"emulator":{"name":"ui"},"message":"Starting Emulator UI with command {\"binary\":\"node\",\"args\":[\"C:\\\\Users\\\\Pavillion\\\\.cache\\\\firebase\\\\emulators\\\\ui-v1.11.4\\\\server\\\\server.js\"],\"optionalArgs\":[],\"joinArgs\":false}"}}
[info] i  ui: Emulator UI logging to ui-debug.log {"metadata":{"emulator":{"name":"ui"},"message":"Emulator UI logging to \u001b[1mui-debug.log\u001b[22m"}}
[debug] [2023-04-10T10:22:33.328Z] Web / API server started at 127.0.0.1:4000
 {"metadata":{"emulator":{"name":"ui"},"message":"Web / API server started at 127.0.0.1:4000\n"}}
[debug] [2023-04-10T10:22:33.329Z] Web / API server started at ::1:4000
 {"metadata":{"emulator":{"name":"ui"},"message":"Web / API server started at ::1:4000\n"}}
[info] i  functions: Watching "C:\Users\Pavillion\Desktop\Evangadi\realproject\Amazon-new-front-end\amazon\functions" for Cloud Functions... {"metadata":{"emulator":{"name":"functions"},"message":"Watching \"C:\\Users\\Pavillion\\Desktop\\Evangadi\\realproject\\Amazon-new-front-end\\amazon\\functions\" for Cloud Functions..."}}
[debug] [2023-04-10T10:22:33.475Z] Validating nodejs source
[debug] [2023-04-10T10:22:37.903Z] > [functions] package.json contents: {
  "name": "functions",
  "description": "Cloud Functions for Firebase",
  "scripts": {
    "serve": "firebase emulators:start --only functions",
    "shell": "firebase functions:shell",
    "start": "npm run shell",
    "deploy": "firebase deploy --only functions",
    "logs": "firebase functions:log"
  },
  "engines": {
    "node": "16"
  },
  "main": "index.js",
  "dependencies": {
    "cors": "^2.8.5",
    "express": "^4.18.2",
    "firebase-admin": "^11.5.0",
    "firebase-functions": "^4.2.0",
    "stripe": "^12.0.0"
  },
  "devDependencies": {
    "firebase-functions-test": "^3.0.0"
  },
  "private": true
}
[debug] [2023-04-10T10:22:37.903Z] Building nodejs source
[debug] [2023-04-10T10:22:37.904Z] Failed to find version of module node: reached end of search path C:\Users\Pavillion\Desktop\Evangadi\realproject\Amazon-new-front-end\amazon\functions\node_modules
[warn] !  functions: Your requested "node" version "16" doesn't match your global version "18". Using node@18 from host. 
[debug] [2023-04-10T10:22:37.907Z] Could not find functions.yaml. Must use http discovery
[debug] [2023-04-10T10:22:37.914Z] Found firebase-functions binary at 'C:\Users\Pavillion\Desktop\Evangadi\realproject\Amazon-new-front-end\amazon\functions\node_modules\.bin\firebase-functions'
[debug] [2023-04-10T10:22:38.309Z] Serving at port 8263

[debug] [2023-04-10T10:22:38.834Z] Got response from /__/functions.yaml {"endpoints":{"api":{"platform":"gcfv1","availableMemoryMb":null,"timeoutSeconds":null,"minInstances":null,"maxInstances":null,"ingressSettings":null,"serviceAccountEmail":null,"vpc":null,"httpsTrigger":{},"entryPoint":"api"}},"specVersion":"v1alpha1","requiredAPIs":[]}
[debug] [2023-04-10T10:22:38.841Z] shutdown requested via /__/quitquitquit

[info] +  functions: Loaded functions definitions from source: api. {"metadata":{"emulator":{"name":"functions"},"message":"Loaded functions definitions from source: api."}}
[info] +  functions[us-central1-api]: http function initialized (http://127.0.0.1:5001/fir-b229b/us-central1/api). {"metadata":{"emulator":{"name":"functions"},"message":"\u001b[1mhttp\u001b[22m function initialized (http://127.0.0.1:5001/fir-b229b/us-central1/api)."}}
[info] i  functions: Watching "C:\Users\Pavillion\Desktop\Evangadi\realproject\Amazon-new-front-end\amazon\amazon" for Cloud Functions... {"metadata":{"emulator":{"name":"functions"},"message":"Watching \"C:\\Users\\Pavillion\\Desktop\\Evangadi\\realproject\\Amazon-new-front-end\\amazon\\amazon\" for Cloud Functions..."}}
[debug] [2023-04-10T10:22:38.860Z] Validating nodejs source
[debug] [2023-04-10T10:22:40.260Z] > [functions] package.json contents: {
  "name": "functions",
  "description": "Cloud Functions for Firebase",
  "scripts": {
    "serve": "firebase emulators:start --only functions",
    "shell": "firebase functions:shell",
    "start": "npm run shell",
    "deploy": "firebase deploy --only functions",
    "logs": "firebase functions:log"
  },
  "engines": {
    "node": "16"
  },
  "main": "index.js",
  "dependencies": {
    "firebase-admin": "^11.5.0",
    "firebase-functions": "^4.2.0"
  },
  "devDependencies": {
    "firebase-functions-test": "^3.0.0"
  },
  "private": true
}
[debug] [2023-04-10T10:22:40.260Z] Building nodejs source
[debug] [2023-04-10T10:22:40.260Z] Failed to find version of module node: reached end of search path C:\Users\Pavillion\Desktop\Evangadi\realproject\Amazon-new-front-end\amazon\amazon\node_modules
[warn] !  functions: Your requested "node" version "16" doesn't match your global version "18". Using node@18 from host. 
[debug] [2023-04-10T10:22:40.262Z] Could not find functions.yaml. Must use http discovery
[debug] [2023-04-10T10:22:40.267Z] Found firebase-functions binary at 'C:\Users\Pavillion\Desktop\Evangadi\realproject\Amazon-new-front-end\amazon\amazon\node_modules\.bin\firebase-functions'
[debug] [2023-04-10T10:22:40.568Z] Serving at port 8544

[debug] [2023-04-10T10:22:40.956Z] Got response from /__/functions.yaml {"endpoints":{},"specVersion":"v1alpha1","requiredAPIs":[]}
[debug] [2023-04-10T10:22:40.959Z] shutdown requested via /__/quitquitquit

[info] +  functions: Loaded functions definitions from source: . {"metadata":{"emulator":{"name":"functions"},"message":"Loaded functions definitions from source: ."}}
[info] 
┌─────────────────────────────────────────────────────────────┐
│ ✔  All emulators ready! It is now safe to connect your app. │
│ i  View Emulator UI at http://127.0.0.1:4000/               │
└─────────────────────────────────────────────────────────────┘

┌───────────┬────────────────┬─────────────────────────────────┐
│ Emulator  │ Host:Port      │ View in Emulator UI             │
├───────────┼────────────────┼─────────────────────────────────┤
│ Functions │ 127.0.0.1:5001 │ http://127.0.0.1:4000/functions │
├───────────┼────────────────┼─────────────────────────────────┤
│ Hosting   │ 127.0.0.1:5000 │ n/a                             │
└───────────┴────────────────┴─────────────────────────────────┘
  Emulator Hub running at 127.0.0.1:4400
  Other reserved ports: 4500

Issues? Report them at https://github.com/firebase/firebase-tools/issues and attach the *-debug.log files.
 
[debug] [2023-04-10T10:24:04.906Z] [work-queue] {"queuedWork":["/fir-b229b/us-central1/api/payments/create-2023-04-10T10:24:04.905Z"],"queueLength":1,"runningWork":[],"workRunningCount":0}
[debug] [2023-04-10T10:24:04.906Z] [work-queue] {"queuedWork":[],"queueLength":0,"runningWork":["/fir-b229b/us-central1/api/payments/create-2023-04-10T10:24:04.905Z"],"workRunningCount":1}
[debug] [2023-04-10T10:24:04.907Z] Accepted request POST /fir-b229b/us-central1/api/payments/create?total=109000 --> us-central1-api
[debug] [2023-04-10T10:24:04.914Z] [functions] Runtime ready! Sending request! {"metadata":{"emulator":{"name":"functions"},"message":"[functions] Runtime ready! Sending request!"}}
[debug] [2023-04-10T10:24:04.916Z] [functions] Got req.url=/fir-b229b/us-central1/api/payments/create?total=109000, mapping to path=/payments/create?total=109000 {"metadata":{"emulator":{"name":"functions"},"message":"[functions] Got req.url=/fir-b229b/us-central1/api/payments/create?total=109000, mapping to path=/payments/create?total=109000"}}
[debug] [2023-04-10T10:24:04.931Z] [worker-pool] addWorker(us-central1-api) {"metadata":{"emulator":{"name":"functions"},"message":"[worker-pool] addWorker(us-central1-api)"}}
[debug] [2023-04-10T10:24:04.933Z] [worker-pool] Adding worker with key us-central1-api, total=1 {"metadata":{"emulator":{"name":"functions"},"message":"[worker-pool] Adding worker with key us-central1-api, total=1"}}
[debug] [2023-04-10T10:24:04.938Z] [work-queue] {"queuedWork":["/fir-b229b/us-central1/api/payments/create-2023-04-10T10:24:04.938Z"],"queueLength":1,"runningWork":["/fir-b229b/us-central1/api/payments/create-2023-04-10T10:24:04.905Z"],"workRunningCount":1}
[debug] [2023-04-10T10:24:04.939Z] [work-queue] {"queuedWork":[],"queueLength":0,"runningWork":["/fir-b229b/us-central1/api/payments/create-2023-04-10T10:24:04.905Z","/fir-b229b/us-central1/api/payments/create-2023-04-10T10:24:04.938Z"],"workRunningCount":2}
[debug] [2023-04-10T10:24:04.939Z] Accepted request POST /fir-b229b/us-central1/api/payments/create?total=109000 --> us-central1-api
[debug] [2023-04-10T10:24:04.944Z] [functions] Runtime ready! Sending request! {"metadata":{"emulator":{"name":"functions"},"message":"[functions] Runtime ready! Sending request!"}}
[debug] [2023-04-10T10:24:04.945Z] [functions] Got req.url=/fir-b229b/us-central1/api/payments/create?total=109000, mapping to path=/payments/create?total=109000 {"metadata":{"emulator":{"name":"functions"},"message":"[functions] Got req.url=/fir-b229b/us-central1/api/payments/create?total=109000, mapping to path=/payments/create?total=109000"}}
[debug] [2023-04-10T10:24:04.953Z] [worker-pool] addWorker(us-central1-api) {"metadata":{"emulator":{"name":"functions"},"message":"[worker-pool] addWorker(us-central1-api)"}}
[debug] [2023-04-10T10:24:04.954Z] [worker-pool] Adding worker with key us-central1-api, total=2 {"metadata":{"emulator":{"name":"functions"},"message":"[worker-pool] Adding worker with key us-central1-api, total=2"}}
[debug] [2023-04-10T10:24:06.770Z] [runtime-status] [14672] Resolved module firebase-admin {"declared":true,"installed":true,"version":"11.6.0","resolution":"C:\\Users\\Pavillion\\Desktop\\Evangadi\\realproject\\Amazon-new-front-end\\amazon\\functions\\node_modules\\firebase-admin\\lib\\index.js"} {"metadata":{"emulator":{"name":"functions"},"function":{"name":"us-central1-api"},"extension":{},"message":"[runtime-status] [14672] Resolved module firebase-admin {\"declared\":true,\"installed\":true,\"version\":\"11.6.0\",\"resolution\":\"C:\\\\Users\\\\Pavillion\\\\Desktop\\\\Evangadi\\\\realproject\\\\Amazon-new-front-end\\\\amazon\\\\functions\\\\node_modules\\\\firebase-admin\\\\lib\\\\index.js\"}"}}
[debug] [2023-04-10T10:24:06.771Z] [runtime-status] [14908] Resolved module firebase-admin {"declared":true,"installed":true,"version":"11.6.0","resolution":"C:\\Users\\Pavillion\\Desktop\\Evangadi\\realproject\\Amazon-new-front-end\\amazon\\functions\\node_modules\\firebase-admin\\lib\\index.js"} {"metadata":{"emulator":{"name":"functions"},"function":{"name":"us-central1-api"},"extension":{},"message":"[runtime-status] [14908] Resolved module firebase-admin {\"declared\":true,\"installed\":true,\"version\":\"11.6.0\",\"resolution\":\"C:\\\\Users\\\\Pavillion\\\\Desktop\\\\Evangadi\\\\realproject\\\\Amazon-new-front-end\\\\amazon\\\\functions\\\\node_modules\\\\firebase-admin\\\\lib\\\\index.js\"}"}}
[debug] [2023-04-10T10:24:06.772Z] [runtime-status] [14672] Resolved module firebase-functions {"declared":true,"installed":true,"version":"4.2.1","resolution":"C:\\Users\\Pavillion\\Desktop\\Evangadi\\realproject\\Amazon-new-front-end\\amazon\\functions\\node_modules\\firebase-functions\\lib\\v1\\index.js"} {"metadata":{"emulator":{"name":"functions"},"function":{"name":"us-central1-api"},"extension":{},"message":"[runtime-status] [14672] Resolved module firebase-functions {\"declared\":true,\"installed\":true,\"version\":\"4.2.1\",\"resolution\":\"C:\\\\Users\\\\Pavillion\\\\Desktop\\\\Evangadi\\\\realproject\\\\Amazon-new-front-end\\\\amazon\\\\functions\\\\node_modules\\\\firebase-functions\\\\lib\\\\v1\\\\index.js\"}"}}
[debug] [2023-04-10T10:24:06.772Z] [runtime-status] [14908] Resolved module firebase-functions {"declared":true,"installed":true,"version":"4.2.1","resolution":"C:\\Users\\Pavillion\\Desktop\\Evangadi\\realproject\\Amazon-new-front-end\\amazon\\functions\\node_modules\\firebase-functions\\lib\\v1\\index.js"} {"metadata":{"emulator":{"name":"functions"},"function":{"name":"us-central1-api"},"extension":{},"message":"[runtime-status] [14908] Resolved module firebase-functions {\"declared\":true,\"installed\":true,\"version\":\"4.2.1\",\"resolution\":\"C:\\\\Users\\\\Pavillion\\\\Desktop\\\\Evangadi\\\\realproject\\\\Amazon-new-front-end\\\\amazon\\\\functions\\\\node_modules\\\\firebase-functions\\\\lib\\\\v1\\\\index.js\"}"}}
[debug] [2023-04-10T10:24:06.773Z] [runtime-status] [14672] Outgoing network have been stubbed. [{"name":"http","status":"mocked"},{"name":"http","status":"mocked"},{"name":"https","status":"mocked"},{"name":"https","status":"mocked"},{"name":"net","status":"mocked"}] {"metadata":{"emulator":{"name":"functions"},"function":{"name":"us-central1-api"},"extension":{},"message":"[runtime-status] [14672] Outgoing network have been stubbed. [{\"name\":\"http\",\"status\":\"mocked\"},{\"name\":\"http\",\"status\":\"mocked\"},{\"name\":\"https\",\"status\":\"mocked\"},{\"name\":\"https\",\"status\":\"mocked\"},{\"name\":\"net\",\"status\":\"mocked\"}]"}}
[debug] [2023-04-10T10:24:06.773Z] [runtime-status] [14908] Outgoing network have been stubbed. [{"name":"http","status":"mocked"},{"name":"http","status":"mocked"},{"name":"https","status":"mocked"},{"name":"https","status":"mocked"},{"name":"net","status":"mocked"}] {"metadata":{"emulator":{"name":"functions"},"function":{"name":"us-central1-api"},"extension":{},"message":"[runtime-status] [14908] Outgoing network have been stubbed. [{\"name\":\"http\",\"status\":\"mocked\"},{\"name\":\"http\",\"status\":\"mocked\"},{\"name\":\"https\",\"status\":\"mocked\"},{\"name\":\"https\",\"status\":\"mocked\"},{\"name\":\"net\",\"status\":\"mocked\"}]"}}
[debug] [2023-04-10T10:24:06.774Z] [runtime-status] [14908] Resolved module firebase-functions {"declared":true,"installed":true,"version":"4.2.1","resolution":"C:\\Users\\Pavillion\\Desktop\\Evangadi\\realproject\\Amazon-new-front-end\\amazon\\functions\\node_modules\\firebase-functions\\lib\\v1\\index.js"} {"metadata":{"emulator":{"name":"functions"},"function":{"name":"us-central1-api"},"extension":{},"message":"[runtime-status] [14908] Resolved module firebase-functions {\"declared\":true,\"installed\":true,\"version\":\"4.2.1\",\"resolution\":\"C:\\\\Users\\\\Pavillion\\\\Desktop\\\\Evangadi\\\\realproject\\\\Amazon-new-front-end\\\\amazon\\\\functions\\\\node_modules\\\\firebase-functions\\\\lib\\\\v1\\\\index.js\"}"}}
[debug] [2023-04-10T10:24:06.774Z] [runtime-status] [14672] Resolved module firebase-functions {"declared":true,"installed":true,"version":"4.2.1","resolution":"C:\\Users\\Pavillion\\Desktop\\Evangadi\\realproject\\Amazon-new-front-end\\amazon\\functions\\node_modules\\firebase-functions\\lib\\v1\\index.js"} {"metadata":{"emulator":{"name":"functions"},"function":{"name":"us-central1-api"},"extension":{},"message":"[runtime-status] [14672] Resolved module firebase-functions {\"declared\":true,\"installed\":true,\"version\":\"4.2.1\",\"resolution\":\"C:\\\\Users\\\\Pavillion\\\\Desktop\\\\Evangadi\\\\realproject\\\\Amazon-new-front-end\\\\amazon\\\\functions\\\\node_modules\\\\firebase-functions\\\\lib\\\\v1\\\\index.js\"}"}}
[debug] [2023-04-10T10:24:07.110Z] [runtime-status] [14908] Checked functions.config() {"config":{}} {"metadata":{"emulator":{"name":"functions"},"function":{"name":"us-central1-api"},"extension":{},"message":"[runtime-status] [14908] Checked functions.config() {\"config\":{}}"}}
[debug] [2023-04-10T10:24:07.111Z] [runtime-status] [14672] Checked functions.config() {"config":{}} {"metadata":{"emulator":{"name":"functions"},"function":{"name":"us-central1-api"},"extension":{},"message":"[runtime-status] [14672] Checked functions.config() {\"config\":{}}"}}
[debug] [2023-04-10T10:24:07.111Z] [runtime-status] [14672] firebase-functions has been stubbed. {"functionsResolution":{"declared":true,"installed":true,"version":"4.2.1","resolution":"C:\\Users\\Pavillion\\Desktop\\Evangadi\\realproject\\Amazon-new-front-end\\amazon\\functions\\node_modules\\firebase-functions\\lib\\v1\\index.js"}} {"metadata":{"emulator":{"name":"functions"},"function":{"name":"us-central1-api"},"extension":{},"message":"[runtime-status] [14672] firebase-functions has been stubbed. {\"functionsResolution\":{\"declared\":true,\"installed\":true,\"version\":\"4.2.1\",\"resolution\":\"C:\\\\Users\\\\Pavillion\\\\Desktop\\\\Evangadi\\\\realproject\\\\Amazon-new-front-end\\\\amazon\\\\functions\\\\node_modules\\\\firebase-functions\\\\lib\\\\v1\\\\index.js\"}}"}}
[debug] [2023-04-10T10:24:07.112Z] [runtime-status] [14908] firebase-functions has been stubbed. {"functionsResolution":{"declared":true,"installed":true,"version":"4.2.1","resolution":"C:\\Users\\Pavillion\\Desktop\\Evangadi\\realproject\\Amazon-new-front-end\\amazon\\functions\\node_modules\\firebase-functions\\lib\\v1\\index.js"}} {"metadata":{"emulator":{"name":"functions"},"function":{"name":"us-central1-api"},"extension":{},"message":"[runtime-status] [14908] firebase-functions has been stubbed. {\"functionsResolution\":{\"declared\":true,\"installed\":true,\"version\":\"4.2.1\",\"resolution\":\"C:\\\\Users\\\\Pavillion\\\\Desktop\\\\Evangadi\\\\realproject\\\\Amazon-new-front-end\\\\amazon\\\\functions\\\\node_modules\\\\firebase-functions\\\\lib\\\\v1\\\\index.js\"}}"}}
[debug] [2023-04-10T10:24:07.114Z] [runtime-status] [14672] Resolved module firebase-functions {"declared":true,"installed":true,"version":"4.2.1","resolution":"C:\\Users\\Pavillion\\Desktop\\Evangadi\\realproject\\Amazon-new-front-end\\amazon\\functions\\node_modules\\firebase-functions\\lib\\v1\\index.js"} {"metadata":{"emulator":{"name":"functions"},"function":{"name":"us-central1-api"},"extension":{},"message":"[runtime-status] [14672] Resolved module firebase-functions {\"declared\":true,\"installed\":true,\"version\":\"4.2.1\",\"resolution\":\"C:\\\\Users\\\\Pavillion\\\\Desktop\\\\Evangadi\\\\realproject\\\\Amazon-new-front-end\\\\amazon\\\\functions\\\\node_modules\\\\firebase-functions\\\\lib\\\\v1\\\\index.js\"}"}}
[debug] [2023-04-10T10:24:07.114Z] [runtime-status] [14672] Resolved module firebase-admin {"declared":true,"installed":true,"version":"11.6.0","resolution":"C:\\Users\\Pavillion\\Desktop\\Evangadi\\realproject\\Amazon-new-front-end\\amazon\\functions\\node_modules\\firebase-admin\\lib\\index.js"} {"metadata":{"emulator":{"name":"functions"},"function":{"name":"us-central1-api"},"extension":{},"message":"[runtime-status] [14672] Resolved module firebase-admin {\"declared\":true,\"installed\":true,\"version\":\"11.6.0\",\"resolution\":\"C:\\\\Users\\\\Pavillion\\\\Desktop\\\\Evangadi\\\\realproject\\\\Amazon-new-front-end\\\\amazon\\\\functions\\\\node_modules\\\\firebase-admin\\\\lib\\\\index.js\"}"}}
[debug] [2023-04-10T10:24:07.115Z] [runtime-status] [14908] Resolved module firebase-functions {"declared":true,"installed":true,"version":"4.2.1","resolution":"C:\\Users\\Pavillion\\Desktop\\Evangadi\\realproject\\Amazon-new-front-end\\amazon\\functions\\node_modules\\firebase-functions\\lib\\v1\\index.js"} {"metadata":{"emulator":{"name":"functions"},"function":{"name":"us-central1-api"},"extension":{},"message":"[runtime-status] [14908] Resolved module firebase-functions {\"declared\":true,\"installed\":true,\"version\":\"4.2.1\",\"resolution\":\"C:\\\\Users\\\\Pavillion\\\\Desktop\\\\Evangadi\\\\realproject\\\\Amazon-new-front-end\\\\amazon\\\\functions\\\\node_modules\\\\firebase-functions\\\\lib\\\\v1\\\\index.js\"}"}}
[debug] [2023-04-10T10:24:07.115Z] [runtime-status] [14908] Resolved module firebase-admin {"declared":true,"installed":true,"version":"11.6.0","resolution":"C:\\Users\\Pavillion\\Desktop\\Evangadi\\realproject\\Amazon-new-front-end\\amazon\\functions\\node_modules\\firebase-admin\\lib\\index.js"} {"metadata":{"emulator":{"name":"functions"},"function":{"name":"us-central1-api"},"extension":{},"message":"[runtime-status] [14908] Resolved module firebase-admin {\"declared\":true,\"installed\":true,\"version\":\"11.6.0\",\"resolution\":\"C:\\\\Users\\\\Pavillion\\\\Desktop\\\\Evangadi\\\\realproject\\\\Amazon-new-front-end\\\\amazon\\\\functions\\\\node_modules\\\\firebase-admin\\\\lib\\\\index.js\"}"}}
[debug] [2023-04-10T10:24:07.118Z] [runtime-status] [14908] Resolved module firebase-functions {"declared":true,"installed":true,"version":"4.2.1","resolution":"C:\\Users\\Pavillion\\Desktop\\Evangadi\\realproject\\Amazon-new-front-end\\amazon\\functions\\node_modules\\firebase-functions\\lib\\v1\\index.js"} {"metadata":{"emulator":{"name":"functions"},"function":{"name":"us-central1-api"},"extension":{},"message":"[runtime-status] [14908] Resolved module firebase-functions {\"declared\":true,\"installed\":true,\"version\":\"4.2.1\",\"resolution\":\"C:\\\\Users\\\\Pavillion\\\\Desktop\\\\Evangadi\\\\realproject\\\\Amazon-new-front-end\\\\amazon\\\\functions\\\\node_modules\\\\firebase-functions\\\\lib\\\\v1\\\\index.js\"}"}}
[debug] [2023-04-10T10:24:07.118Z] [runtime-status] [14672] Resolved module firebase-functions {"declared":true,"installed":true,"version":"4.2.1","resolution":"C:\\Users\\Pavillion\\Desktop\\Evangadi\\realproject\\Amazon-new-front-end\\amazon\\functions\\node_modules\\firebase-functions\\lib\\v1\\index.js"} {"metadata":{"emulator":{"name":"functions"},"function":{"name":"us-central1-api"},"extension":{},"message":"[runtime-status] [14672] Resolved module firebase-functions {\"declared\":true,\"installed\":true,\"version\":\"4.2.1\",\"resolution\":\"C:\\\\Users\\\\Pavillion\\\\Desktop\\\\Evangadi\\\\realproject\\\\Amazon-new-front-end\\\\amazon\\\\functions\\\\node_modules\\\\firebase-functions\\\\lib\\\\v1\\\\index.js\"}"}}
[debug] [2023-04-10T10:24:07.118Z] [runtime-status] [14672] firebase-admin has been stubbed. {"adminResolution":{"declared":true,"installed":true,"version":"11.6.0","resolution":"C:\\Users\\Pavillion\\Desktop\\Evangadi\\realproject\\Amazon-new-front-end\\amazon\\functions\\node_modules\\firebase-admin\\lib\\index.js"}} {"metadata":{"emulator":{"name":"functions"},"function":{"name":"us-central1-api"},"extension":{},"message":"[runtime-status] [14672] firebase-admin has been stubbed. {\"adminResolution\":{\"declared\":true,\"installed\":true,\"version\":\"11.6.0\",\"resolution\":\"C:\\\\Users\\\\Pavillion\\\\Desktop\\\\Evangadi\\\\realproject\\\\Amazon-new-front-end\\\\amazon\\\\functions\\\\node_modules\\\\firebase-admin\\\\lib\\\\index.js\"}}"}}
[debug] [2023-04-10T10:24:07.118Z] [runtime-status] [14908] firebase-admin has been stubbed. {"adminResolution":{"declared":true,"installed":true,"version":"11.6.0","resolution":"C:\\Users\\Pavillion\\Desktop\\Evangadi\\realproject\\Amazon-new-front-end\\amazon\\functions\\node_modules\\firebase-admin\\lib\\index.js"}} {"metadata":{"emulator":{"name":"functions"},"function":{"name":"us-central1-api"},"extension":{},"message":"[runtime-status] [14908] firebase-admin has been stubbed. {\"adminResolution\":{\"declared\":true,\"installed\":true,\"version\":\"11.6.0\",\"resolution\":\"C:\\\\Users\\\\Pavillion\\\\Desktop\\\\Evangadi\\\\realproject\\\\Amazon-new-front-end\\\\amazon\\\\functions\\\\node_modules\\\\firebase-admin\\\\lib\\\\index.js\"}}"}}
[debug] [2023-04-10T10:24:07.325Z] [runtime-status] [14672] Functions runtime initialized. {"cwd":"C:\\Users\\Pavillion\\Desktop\\Evangadi\\realproject\\Amazon-new-front-end\\amazon\\functions","node_version":"18.12.1"} {"metadata":{"emulator":{"name":"functions"},"function":{"name":"us-central1-api"},"extension":{},"message":"[runtime-status] [14672] Functions runtime initialized. {\"cwd\":\"C:\\\\Users\\\\Pavillion\\\\Desktop\\\\Evangadi\\\\realproject\\\\Amazon-new-front-end\\\\amazon\\\\functions\",\"node_version\":\"18.12.1\"}"}}
[debug] [2023-04-10T10:24:07.325Z] [runtime-status] [14908] Functions runtime initialized. {"cwd":"C:\\Users\\Pavillion\\Desktop\\Evangadi\\realproject\\Amazon-new-front-end\\amazon\\functions","node_version":"18.12.1"} {"metadata":{"emulator":{"name":"functions"},"function":{"name":"us-central1-api"},"extension":{},"message":"[runtime-status] [14908] Functions runtime initialized. {\"cwd\":\"C:\\\\Users\\\\Pavillion\\\\Desktop\\\\Evangadi\\\\realproject\\\\Amazon-new-front-end\\\\amazon\\\\functions\",\"node_version\":\"18.12.1\"}"}}
[debug] [2023-04-10T10:24:07.326Z] [runtime-status] [14908] Listening to port: \\?\pipe\fire_emu_26a518618c47fc3e {"metadata":{"emulator":{"name":"functions"},"function":{"name":"us-central1-api"},"extension":{},"message":"[runtime-status] [14908] Listening to port: \\\\?\\pipe\\fire_emu_26a518618c47fc3e"}}
[debug] [2023-04-10T10:24:07.326Z] [runtime-status] [14672] Listening to port: \\?\pipe\fire_emu_cc62d6595a404837 {"metadata":{"emulator":{"name":"functions"},"function":{"name":"us-central1-api"},"extension":{},"message":"[runtime-status] [14672] Listening to port: \\\\?\\pipe\\fire_emu_cc62d6595a404837"}}
[debug] [2023-04-10T10:24:07.347Z] [worker-us-central1-api-f9a8cabd-1d06-42e2-800e-7f222156267e]: IDLE {"metadata":{"emulator":{"name":"functions"},"function":{"name":"us-central1-api"},"extension":{},"message":"[worker-us-central1-api-f9a8cabd-1d06-42e2-800e-7f222156267e]: IDLE"}}
[debug] [2023-04-10T10:24:07.347Z] [worker-pool] submitRequest(triggerId=us-central1-api) {"metadata":{"emulator":{"name":"functions"},"message":"[worker-pool] submitRequest(triggerId=us-central1-api)"}}
[info] i  functions: Beginning execution of "us-central1-api" {"metadata":{"emulator":{"name":"functions"},"function":{"name":"us-central1-api"},"extension":{},"message":"Beginning execution of \"us-central1-api\""}}
[debug] [2023-04-10T10:24:07.349Z] [worker-us-central1-api-f9a8cabd-1d06-42e2-800e-7f222156267e]: BUSY {"metadata":{"emulator":{"name":"functions"},"function":{"name":"us-central1-api"},"extension":{},"message":"[worker-us-central1-api-f9a8cabd-1d06-42e2-800e-7f222156267e]: BUSY"}}
[info] >  Payment Request Recieved for this amount >>> 109000 {"user":"Payment Request Recieved for this amount >>> 109000","metadata":{"emulator":{"name":"functions"},"function":{"name":"us-central1-api"},"extension":{},"message":"\u001b[90m> \u001b[39m Payment Request Recieved for this amount >>> 109000"}}
[debug] [2023-04-10T10:24:07.359Z] [worker-us-central1-api-13591bbb-f879-433e-9444-a12c47e2a628]: IDLE {"metadata":{"emulator":{"name":"functions"},"function":{"name":"us-central1-api"},"extension":{},"message":"[worker-us-central1-api-13591bbb-f879-433e-9444-a12c47e2a628]: IDLE"}}
[debug] [2023-04-10T10:24:07.359Z] [worker-pool] submitRequest(triggerId=us-central1-api) {"metadata":{"emulator":{"name":"functions"},"message":"[worker-pool] submitRequest(triggerId=us-central1-api)"}}
[info] i  functions: Beginning execution of "us-central1-api" {"metadata":{"emulator":{"name":"functions"},"function":{"name":"us-central1-api"},"extension":{},"message":"Beginning execution of \"us-central1-api\""}}
[debug] [2023-04-10T10:24:07.361Z] [worker-us-central1-api-13591bbb-f879-433e-9444-a12c47e2a628]: BUSY {"metadata":{"emulator":{"name":"functions"},"function":{"name":"us-central1-api"},"extension":{},"message":"[worker-us-central1-api-13591bbb-f879-433e-9444-a12c47e2a628]: BUSY"}}
[info] >  Payment Request Recieved for this amount >>> 109000 {"user":"Payment Request Recieved for this amount >>> 109000","metadata":{"emulator":{"name":"functions"},"function":{"name":"us-central1-api"},"extension":{},"message":"\u001b[90m> \u001b[39m Payment Request Recieved for this amount >>> 109000"}}
[info] i  functions: Finished "us-central1-api" in 1681.7275ms {"metadata":{"emulator":{"name":"functions"},"function":{"name":"us-central1-api"},"extension":{},"message":"Finished \"us-central1-api\" in 1681.7275ms"}}
[debug] [2023-04-10T10:24:09.045Z] [worker-us-central1-api-13591bbb-f879-433e-9444-a12c47e2a628]: IDLE {"metadata":{"emulator":{"name":"functions"},"function":{"name":"us-central1-api"},"extension":{},"message":"[worker-us-central1-api-13591bbb-f879-433e-9444-a12c47e2a628]: IDLE"}}
[debug] [2023-04-10T10:24:09.045Z] [work-queue] {"queuedWork":[],"queueLength":0,"runningWork":["/fir-b229b/us-central1/api/payments/create-2023-04-10T10:24:04.905Z"],"workRunningCount":1}
[info] i  functions: Finished "us-central1-api" in 1697.1628ms {"metadata":{"emulator":{"name":"functions"},"function":{"name":"us-central1-api"},"extension":{},"message":"Finished \"us-central1-api\" in 1697.1628ms"}}
[debug] [2023-04-10T10:24:09.047Z] [worker-us-central1-api-f9a8cabd-1d06-42e2-800e-7f222156267e]: IDLE {"metadata":{"emulator":{"name":"functions"},"function":{"name":"us-central1-api"},"extension":{},"message":"[worker-us-central1-api-f9a8cabd-1d06-42e2-800e-7f222156267e]: IDLE"}}
[debug] [2023-04-10T10:24:09.047Z] [work-queue] {"queuedWork":[],"queueLength":0,"runningWork":[],"workRunningCount":0}
